0 info it worked if it ends with ok
1 verbose cli [ '/usr/local/bin/node', '/usr/local/bin/npm', 'run', 'serve' ]
2 info using npm@3.10.5
3 info using node@v6.3.0
4 verbose run-script [ 'preserve', 'serve', 'postserve' ]
5 info lifecycle reactjs-getting-started@1.0.0~preserve: reactjs-getting-started@1.0.0
6 silly lifecycle reactjs-getting-started@1.0.0~preserve: no script for preserve, continuing
7 info lifecycle reactjs-getting-started@1.0.0~serve: reactjs-getting-started@1.0.0
8 verbose lifecycle reactjs-getting-started@1.0.0~serve: unsafe-perm in lifecycle true
9 verbose lifecycle reactjs-getting-started@1.0.0~serve: PATH: /usr/local/lib/node_modules/npm/bin/node-gyp-bin:/Applications/MAMP/htdocs/react-ecosystem/Componentization/node_modules/.bin:/usr/local/bin:/usr/local/bin:/usr/bin:/bin:/usr/sbin:/sbin:export PATH="$HOME/.node/bin:$PATH"
10 verbose lifecycle reactjs-getting-started@1.0.0~serve: CWD: /Applications/MAMP/htdocs/react-ecosystem/Componentization
11 silly lifecycle reactjs-getting-started@1.0.0~serve: Args: [ '-c', 'serve ./public' ]
12 info lifecycle reactjs-getting-started@1.0.0~serve: Failed to exec serve script
13 verbose stack Error: reactjs-getting-started@1.0.0 serve: `serve ./public`
13 verbose stack spawn ENOENT
13 verbose stack     at ChildProcess.<anonymous> (/usr/local/lib/node_modules/npm/lib/utils/spawn.js:33:16)
13 verbose stack     at emitTwo (events.js:106:13)
13 verbose stack     at ChildProcess.emit (events.js:191:7)
13 verbose stack     at maybeClose (internal/child_process.js:852:16)
13 verbose stack     at Process.ChildProcess._handle.onexit (internal/child_process.js:215:5)
14 verbose pkgid reactjs-getting-started@1.0.0
15 verbose cwd /Applications/MAMP/htdocs/react-ecosystem/Componentization
16 error Darwin 16.4.0
17 error argv "/usr/local/bin/node" "/usr/local/bin/npm" "run" "serve"
18 error node v6.3.0
19 error npm  v3.10.5
20 error file sh
21 error code ELIFECYCLE
22 error errno ENOENT
23 error syscall spawn
24 error reactjs-getting-started@1.0.0 serve: `serve ./public`
24 error spawn ENOENT
25 error Failed at the reactjs-getting-started@1.0.0 serve script 'serve ./public'.
25 error Make sure you have the latest version of node.js and npm installed.
25 error If you do, this is most likely a problem with the reactjs-getting-started package,
25 error not with npm itself.
25 error Tell the author that this fails on your system:
25 error     serve ./public
25 error You can get information on how to open an issue for this project with:
25 error     npm bugs reactjs-getting-started
25 error Or if that isn't available, you can get their info via:
25 error     npm owner ls reactjs-getting-started
25 error There is likely additional logging output above.
26 verbose exit [ 1, true ]
